# JRE version: Java(TM) SE Runtime Environment (8.0_181-b13) (build 1.8.0_181-b13)
# Java VM: Java HotSpot(TM) 64-Bit Server VM (25.181-b13 mixed mode windows-amd64 compressed oops)
Heap:
 PSYoungGen      total 225792K, used 173948K [0x0000000719e00000, 0x000000072a400000, 0x00000007c0000000)
  eden space 204800K, 74% used [0x0000000719e00000,0x0000000723367290,0x0000000726600000)
  from space 20992K, 99% used [0x0000000727a80000,0x0000000728ef8040,0x0000000728f00000)
  to   space 20992K, 0% used [0x0000000726600000,0x0000000726600000,0x0000000727a80000)
 ParOldGen       total 223744K, used 14853K [0x00000005cda00000, 0x00000005db480000, 0x0000000719e00000)
  object space 223744K, 6% used [0x00000005cda00000,0x00000005ce8814c0,0x00000005db480000)
 Metaspace       used 31084K, capacity 31371K, committed 31664K, reserved 1077248K
  class space    used 4083K, capacity 4170K, committed 4272K, reserved 1048576K
GC Heap History (10 events):
Event: 1.202 GC heap before
{Heap before GC invocations=1 (full 0):
 PSYoungGen      total 149504K, used 105508K [0x0000000719e00000, 0x0000000724480000, 0x00000007c0000000)
  eden space 128512K, 82% used [0x0000000719e00000,0x0000000720509348,0x0000000721b80000)
  from space 20992K, 0% used [0x0000000723000000,0x0000000723000000,0x0000000724480000)
  to   space 20992K, 0% used [0x0000000721b80000,0x0000000721b80000,0x0000000723000000)
 ParOldGen       total 341504K, used 0K [0x00000005cda00000, 0x00000005e2780000, 0x0000000719e00000)
  object space 341504K, 0% used [0x00000005cda00000,0x00000005cda00000,0x00000005e2780000)
 Metaspace       used 21089K, capacity 21256K, committed 21296K, reserved 1067008K
  class space    used 3044K, capacity 3094K, committed 3120K, reserved 1048576K
Event: 1.206 GC heap after
Heap after GC invocations=1 (full 0):
 PSYoungGen      total 149504K, used 5721K [0x0000000719e00000, 0x0000000724480000, 0x00000007c0000000)
  eden space 128512K, 0% used [0x0000000719e00000,0x0000000719e00000,0x0000000721b80000)
  from space 20992K, 27% used [0x0000000721b80000,0x0000000722116618,0x0000000723000000)
  to   space 20992K, 0% used [0x0000000723000000,0x0000000723000000,0x0000000724480000)
 ParOldGen       total 341504K, used 72K [0x00000005cda00000, 0x00000005e2780000, 0x0000000719e00000)
  object space 341504K, 0% used [0x00000005cda00000,0x00000005cda12010,0x00000005e2780000)
 Metaspace       used 21089K, capacity 21256K, committed 21296K, reserved 1067008K
  class space    used 3044K, capacity 3094K, committed 3120K, reserved 1048576K
}
Event: 1.206 GC heap before
{Heap before GC invocations=2 (full 1):
 PSYoungGen      total 149504K, used 5721K [0x0000000719e00000, 0x0000000724480000, 0x00000007c0000000)
  eden space 128512K, 0% used [0x0000000719e00000,0x0000000719e00000,0x0000000721b80000)
  from space 20992K, 27% used [0x0000000721b80000,0x0000000722116618,0x0000000723000000)
  to   space 20992K, 0% used [0x0000000723000000,0x0000000723000000,0x0000000724480000)
 ParOldGen       total 341504K, used 72K [0x00000005cda00000, 0x00000005e2780000, 0x0000000719e00000)
  object space 341504K, 0% used [0x00000005cda00000,0x00000005cda12010,0x00000005e2780000)
 Metaspace       used 21089K, capacity 21256K, committed 21296K, reserved 1067008K
  class space    used 3044K, capacity 3094K, committed 3120K, reserved 1048576K
Event: 1.215 GC heap after
Heap after GC invocations=2 (full 1):
 PSYoungGen      total 149504K, used 0K [0x0000000719e00000, 0x0000000724480000, 0x00000007c0000000)
  eden space 128512K, 0% used [0x0000000719e00000,0x0000000719e00000,0x0000000721b80000)
  from space 20992K, 0% used [0x0000000721b80000,0x0000000721b80000,0x0000000723000000)
  to   space 20992K, 0% used [0x0000000723000000,0x0000000723000000,0x0000000724480000)
 ParOldGen       total 223744K, used 5493K [0x00000005cda00000, 0x00000005db480000, 0x0000000719e00000)
  object space 223744K, 2% used [0x00000005cda00000,0x00000005cdf5d4c0,0x00000005db480000)
 Metaspace       used 21089K, capacity 21256K, committed 21296K, reserved 1067008K
  class space    used 3044K, capacity 3094K, committed 3120K, reserved 1048576K
}
Event: 1.836 GC heap before
{Heap before GC invocations=3 (full 1):
 PSYoungGen      total 149504K, used 128512K [0x0000000719e00000, 0x0000000724480000, 0x00000007c0000000)
  eden space 128512K, 100% used [0x0000000719e00000,0x0000000721b80000,0x0000000721b80000)
  from space 20992K, 0% used [0x0000000721b80000,0x0000000721b80000,0x0000000723000000)
  to   space 20992K, 0% used [0x0000000723000000,0x0000000723000000,0x0000000724480000)
 ParOldGen       total 223744K, used 5493K [0x00000005cda00000, 0x00000005db480000, 0x0000000719e00000)
  object space 223744K, 2% used [0x00000005cda00000,0x00000005cdf5d4c0,0x00000005db480000)
 Metaspace       used 24491K, capacity 24666K, committed 24752K, reserved 1071104K
  class space    used 3465K, capacity 3481K, committed 3504K, reserved 1048576K
Event: 1.841 GC heap after
Heap after GC invocations=3 (full 1):
 PSYoungGen      total 149504K, used 13485K [0x0000000719e00000, 0x0000000727a80000, 0x00000007c0000000)
  eden space 128512K, 0% used [0x0000000719e00000,0x0000000719e00000,0x0000000721b80000)
  from space 20992K, 64% used [0x0000000723000000,0x0000000723d2b690,0x0000000724480000)
  to   space 20992K, 0% used [0x0000000721b80000,0x0000000721b80000,0x0000000723000000)
 ParOldGen       total 223744K, used 5501K [0x00000005cda00000, 0x00000005db480000, 0x0000000719e00000)
  object space 223744K, 2% used [0x00000005cda00000,0x00000005cdf5f4c0,0x00000005db480000)
 Metaspace       used 24491K, capacity 24666K, committed 24752K, reserved 1071104K
  class space    used 3465K, capacity 3481K, committed 3504K, reserved 1048576K
}
Event: 2.051 GC heap before
{Heap before GC invocations=4 (full 1):
 PSYoungGen      total 149504K, used 141997K [0x0000000719e00000, 0x0000000727a80000, 0x00000007c0000000)
  eden space 128512K, 100% used [0x0000000719e00000,0x0000000721b80000,0x0000000721b80000)
  from space 20992K, 64% used [0x0000000723000000,0x0000000723d2b690,0x0000000724480000)
  to   space 20992K, 0% used [0x0000000721b80000,0x0000000721b80000,0x0000000723000000)
 ParOldGen       total 223744K, used 5501K [0x00000005cda00000, 0x00000005db480000, 0x0000000719e00000)
  object space 223744K, 2% used [0x00000005cda00000,0x00000005cdf5f4c0,0x00000005db480000)
 Metaspace       used 26442K, capacity 26666K, committed 26800K, reserved 1073152K
  class space    used 3692K, capacity 3745K, committed 3760K, reserved 1048576K
Event: 2.056 GC heap after
Heap after GC invocations=4 (full 1):
 PSYoungGen      total 149504K, used 20949K [0x0000000719e00000, 0x0000000728f00000, 0x00000007c0000000)
  eden space 128512K, 0% used [0x0000000719e00000,0x0000000719e00000,0x0000000721b80000)
  from space 20992K, 99% used [0x0000000721b80000,0x0000000722ff5440,0x0000000723000000)
  to   space 20992K, 0% used [0x0000000727a80000,0x0000000727a80000,0x0000000728f00000)
 ParOldGen       total 223744K, used 5509K [0x00000005cda00000, 0x00000005db480000, 0x0000000719e00000)
  object space 223744K, 2% used [0x00000005cda00000,0x00000005cdf614c0,0x00000005db480000)
 Metaspace       used 26442K, capacity 26666K, committed 26800K, reserved 1073152K
  class space    used 3692K, capacity 3745K, committed 3760K, reserved 1048576K
}
Event: 2.157 GC heap before
{Heap before GC invocations=5 (full 1):
 PSYoungGen      total 149504K, used 149461K [0x0000000719e00000, 0x0000000728f00000, 0x00000007c0000000)
  eden space 128512K, 100% used [0x0000000719e00000,0x0000000721b80000,0x0000000721b80000)
  from space 20992K, 99% used [0x0000000721b80000,0x0000000722ff5440,0x0000000723000000)
  to   space 20992K, 0% used [0x0000000727a80000,0x0000000727a80000,0x0000000728f00000)
 ParOldGen       total 223744K, used 5509K [0x00000005cda00000, 0x00000005db480000, 0x0000000719e00000)
  object space 223744K, 2% used [0x00000005cda00000,0x00000005cdf614c0,0x00000005db480000)
 Metaspace       used 26562K, capacity 26826K, committed 27184K, reserved 1073152K
  class space    used 3699K, capacity 3777K, committed 3888K, reserved 1048576K
Event: 2.163 GC heap after
Heap after GC invocations=5 (full 1):
 PSYoungGen      total 225792K, used 20960K [0x0000000719e00000, 0x000000072a400000, 0x00000007c0000000)
  eden space 204800K, 0% used [0x0000000719e00000,0x0000000719e00000,0x0000000726600000)
  from space 20992K, 99% used [0x0000000727a80000,0x0000000728ef8040,0x0000000728f00000)
  to   space 20992K, 0% used [0x0000000726600000,0x0000000726600000,0x0000000727a80000)
 ParOldGen       total 223744K, used 14853K [0x00000005cda00000, 0x00000005db480000, 0x0000000719e00000)
  object space 223744K, 6% used [0x00000005cda00000,0x00000005ce8814c0,0x00000005db480000)
 Metaspace       used 26562K, capacity 26826K, committed 27184K, reserved 1073152K
  class space    used 3699K, capacity 3777K, committed 3888K, reserved 1048576K
}

