# JRE version: Java(TM) SE Runtime Environment (8.0_181-b13) (build 1.8.0_181-b13)
# Java VM: Java HotSpot(TM) 64-Bit Server VM (25.181-b13 mixed mode windows-amd64 compressed oops)
Heap:
 PSYoungGen      total 225792K, used 178553K [0x0000000719e00000, 0x000000072a700000, 0x00000007c0000000)
  eden space 204800K, 76% used [0x0000000719e00000,0x00000007237e63c0,0x0000000726600000)
  from space 20992K, 99% used [0x0000000727a80000,0x0000000728ef8040,0x0000000728f00000)
  to   space 20992K, 0% used [0x0000000726600000,0x0000000726600000,0x0000000727a80000)
 ParOldGen       total 134144K, used 14901K [0x00000005cda00000, 0x00000005d5d00000, 0x0000000719e00000)
  object space 134144K, 11% used [0x00000005cda00000,0x00000005ce88d7a0,0x00000005d5d00000)
 Metaspace       used 32689K, capacity 32979K, committed 33280K, reserved 1079296K
  class space    used 4205K, capacity 4300K, committed 4352K, reserved 1048576K
GC Heap History (10 events):
Event: 1.283 GC heap before
{Heap before GC invocations=1 (full 0):
 PSYoungGen      total 149504K, used 102940K [0x0000000719e00000, 0x0000000724480000, 0x00000007c0000000)
  eden space 128512K, 80% used [0x0000000719e00000,0x00000007202872a0,0x0000000721b80000)
  from space 20992K, 0% used [0x0000000723000000,0x0000000723000000,0x0000000724480000)
  to   space 20992K, 0% used [0x0000000721b80000,0x0000000721b80000,0x0000000723000000)
 ParOldGen       total 341504K, used 0K [0x00000005cda00000, 0x00000005e2780000, 0x0000000719e00000)
  object space 341504K, 0% used [0x00000005cda00000,0x00000005cda00000,0x00000005e2780000)
 Metaspace       used 21019K, capacity 21192K, committed 21248K, reserved 1067008K
  class space    used 2978K, capacity 3030K, committed 3072K, reserved 1048576K
Event: 1.286 GC heap after
Heap after GC invocations=1 (full 0):
 PSYoungGen      total 149504K, used 5635K [0x0000000719e00000, 0x0000000724480000, 0x00000007c0000000)
  eden space 128512K, 0% used [0x0000000719e00000,0x0000000719e00000,0x0000000721b80000)
  from space 20992K, 26% used [0x0000000721b80000,0x0000000722100df8,0x0000000723000000)
  to   space 20992K, 0% used [0x0000000723000000,0x0000000723000000,0x0000000724480000)
 ParOldGen       total 341504K, used 72K [0x00000005cda00000, 0x00000005e2780000, 0x0000000719e00000)
  object space 341504K, 0% used [0x00000005cda00000,0x00000005cda12010,0x00000005e2780000)
 Metaspace       used 21019K, capacity 21192K, committed 21248K, reserved 1067008K
  class space    used 2978K, capacity 3030K, committed 3072K, reserved 1048576K
}
Event: 1.286 GC heap before
{Heap before GC invocations=2 (full 1):
 PSYoungGen      total 149504K, used 5635K [0x0000000719e00000, 0x0000000724480000, 0x00000007c0000000)
  eden space 128512K, 0% used [0x0000000719e00000,0x0000000719e00000,0x0000000721b80000)
  from space 20992K, 26% used [0x0000000721b80000,0x0000000722100df8,0x0000000723000000)
  to   space 20992K, 0% used [0x0000000723000000,0x0000000723000000,0x0000000724480000)
 ParOldGen       total 341504K, used 72K [0x00000005cda00000, 0x00000005e2780000, 0x0000000719e00000)
  object space 341504K, 0% used [0x00000005cda00000,0x00000005cda12010,0x00000005e2780000)
 Metaspace       used 21019K, capacity 21192K, committed 21248K, reserved 1067008K
  class space    used 2978K, capacity 3030K, committed 3072K, reserved 1048576K
Event: 1.295 GC heap after
Heap after GC invocations=2 (full 1):
 PSYoungGen      total 149504K, used 0K [0x0000000719e00000, 0x0000000724480000, 0x00000007c0000000)
  eden space 128512K, 0% used [0x0000000719e00000,0x0000000719e00000,0x0000000721b80000)
  from space 20992K, 0% used [0x0000000721b80000,0x0000000721b80000,0x0000000723000000)
  to   space 20992K, 0% used [0x0000000723000000,0x0000000723000000,0x0000000724480000)
 ParOldGen       total 134144K, used 5357K [0x00000005cda00000, 0x00000005d5d00000, 0x0000000719e00000)
  object space 134144K, 3% used [0x00000005cda00000,0x00000005cdf3b7a0,0x00000005d5d00000)
 Metaspace       used 21019K, capacity 21192K, committed 21248K, reserved 1067008K
  class space    used 2978K, capacity 3030K, committed 3072K, reserved 1048576K
}
Event: 1.933 GC heap before
{Heap before GC invocations=3 (full 1):
 PSYoungGen      total 149504K, used 128512K [0x0000000719e00000, 0x0000000724480000, 0x00000007c0000000)
  eden space 128512K, 100% used [0x0000000719e00000,0x0000000721b80000,0x0000000721b80000)
  from space 20992K, 0% used [0x0000000721b80000,0x0000000721b80000,0x0000000723000000)
  to   space 20992K, 0% used [0x0000000723000000,0x0000000723000000,0x0000000724480000)
 ParOldGen       total 134144K, used 5357K [0x00000005cda00000, 0x00000005d5d00000, 0x0000000719e00000)
  object space 134144K, 3% used [0x00000005cda00000,0x00000005cdf3b7a0,0x00000005d5d00000)
 Metaspace       used 24983K, capacity 25146K, committed 25344K, reserved 1071104K
  class space    used 3490K, capacity 3513K, committed 3584K, reserved 1048576K
Event: 1.938 GC heap after
Heap after GC invocations=3 (full 1):
 PSYoungGen      total 149504K, used 13629K [0x0000000719e00000, 0x0000000727b00000, 0x00000007c0000000)
  eden space 128512K, 0% used [0x0000000719e00000,0x0000000719e00000,0x0000000721b80000)
  from space 20992K, 64% used [0x0000000723000000,0x0000000723d4f7b0,0x0000000724480000)
  to   space 20992K, 0% used [0x0000000721b80000,0x0000000721b80000,0x0000000723000000)
 ParOldGen       total 134144K, used 5365K [0x00000005cda00000, 0x00000005d5d00000, 0x0000000719e00000)
  object space 134144K, 4% used [0x00000005cda00000,0x00000005cdf3d7a0,0x00000005d5d00000)
 Metaspace       used 24983K, capacity 25146K, committed 25344K, reserved 1071104K
  class space    used 3490K, capacity 3513K, committed 3584K, reserved 1048576K
}
Event: 2.105 GC heap before
{Heap before GC invocations=4 (full 1):
 PSYoungGen      total 149504K, used 142141K [0x0000000719e00000, 0x0000000727b00000, 0x00000007c0000000)
  eden space 128512K, 100% used [0x0000000719e00000,0x0000000721b80000,0x0000000721b80000)
  from space 20992K, 64% used [0x0000000723000000,0x0000000723d4f7b0,0x0000000724480000)
  to   space 20992K, 0% used [0x0000000721b80000,0x0000000721b80000,0x0000000723000000)
 ParOldGen       total 134144K, used 5365K [0x00000005cda00000, 0x00000005d5d00000, 0x0000000719e00000)
  object space 134144K, 4% used [0x00000005cda00000,0x00000005cdf3d7a0,0x00000005d5d00000)
 Metaspace       used 26930K, capacity 27146K, committed 27392K, reserved 1073152K
  class space    used 3715K, capacity 3777K, committed 3840K, reserved 1048576K
Event: 2.108 GC heap after
Heap after GC invocations=4 (full 1):
 PSYoungGen      total 149504K, used 20965K [0x0000000719e00000, 0x0000000728f00000, 0x00000007c0000000)
  eden space 128512K, 0% used [0x0000000719e00000,0x0000000719e00000,0x0000000721b80000)
  from space 20992K, 99% used [0x0000000721b80000,0x0000000722ff9430,0x0000000723000000)
  to   space 20992K, 0% used [0x0000000727a80000,0x0000000727a80000,0x0000000728f00000)
 ParOldGen       total 134144K, used 5373K [0x00000005cda00000, 0x00000005d5d00000, 0x0000000719e00000)
  object space 134144K, 4% used [0x00000005cda00000,0x00000005cdf3f7a0,0x00000005d5d00000)
 Metaspace       used 26930K, capacity 27146K, committed 27392K, reserved 1073152K
  class space    used 3715K, capacity 3777K, committed 3840K, reserved 1048576K
}
Event: 2.189 GC heap before
{Heap before GC invocations=5 (full 1):
 PSYoungGen      total 149504K, used 149477K [0x0000000719e00000, 0x0000000728f00000, 0x00000007c0000000)
  eden space 128512K, 100% used [0x0000000719e00000,0x0000000721b80000,0x0000000721b80000)
  from space 20992K, 99% used [0x0000000721b80000,0x0000000722ff9430,0x0000000723000000)
  to   space 20992K, 0% used [0x0000000727a80000,0x0000000727a80000,0x0000000728f00000)
 ParOldGen       total 134144K, used 5373K [0x00000005cda00000, 0x00000005d5d00000, 0x0000000719e00000)
  object space 134144K, 4% used [0x00000005cda00000,0x00000005cdf3f7a0,0x00000005d5d00000)
 Metaspace       used 27051K, capacity 27274K, committed 27648K, reserved 1073152K
  class space    used 3722K, capacity 3777K, committed 3840K, reserved 1048576K
Event: 2.195 GC heap after
Heap after GC invocations=5 (full 1):
 PSYoungGen      total 225792K, used 20960K [0x0000000719e00000, 0x000000072a700000, 0x00000007c0000000)
  eden space 204800K, 0% used [0x0000000719e00000,0x0000000719e00000,0x0000000726600000)
  from space 20992K, 99% used [0x0000000727a80000,0x0000000728ef8040,0x0000000728f00000)
  to   space 20992K, 0% used [0x0000000726600000,0x0000000726600000,0x0000000727a80000)
 ParOldGen       total 134144K, used 14901K [0x00000005cda00000, 0x00000005d5d00000, 0x0000000719e00000)
  object space 134144K, 11% used [0x00000005cda00000,0x00000005ce88d7a0,0x00000005d5d00000)
 Metaspace       used 27051K, capacity 27274K, committed 27648K, reserved 1073152K
  class space    used 3722K, capacity 3777K, committed 3840K, reserved 1048576K
}

