# JRE version: Java(TM) SE Runtime Environment (8.0_181-b13) (build 1.8.0_181-b13)
# Java VM: Java HotSpot(TM) 64-Bit Server VM (25.181-b13 mixed mode windows-amd64 compressed oops)
Heap:
 PSYoungGen      total 217600K, used 166856K [0x0000000719e00000, 0x000000072a300000, 0x00000007c0000000)
  eden space 196608K, 74% used [0x0000000719e00000,0x0000000722c7a268,0x0000000725e00000)
  from space 20992K, 99% used [0x0000000727280000,0x00000007286f8040,0x0000000728700000)
  to   space 20992K, 0% used [0x0000000725e00000,0x0000000725e00000,0x0000000727280000)
 ParOldGen       total 134144K, used 14972K [0x00000005cda00000, 0x00000005d5d00000, 0x0000000719e00000)
  object space 134144K, 11% used [0x00000005cda00000,0x00000005ce89f108,0x00000005d5d00000)
 Metaspace       used 32504K, capacity 32755K, committed 33024K, reserved 1077248K
  class space    used 4198K, capacity 4268K, committed 4352K, reserved 1048576K
GC Heap History (10 events):
Event: 1.254 GC heap before
{Heap before GC invocations=1 (full 0):
 PSYoungGen      total 149504K, used 102839K [0x0000000719e00000, 0x0000000724480000, 0x00000007c0000000)
  eden space 128512K, 80% used [0x0000000719e00000,0x000000072026dff8,0x0000000721b80000)
  from space 20992K, 0% used [0x0000000723000000,0x0000000723000000,0x0000000724480000)
  to   space 20992K, 0% used [0x0000000721b80000,0x0000000721b80000,0x0000000723000000)
 ParOldGen       total 341504K, used 0K [0x00000005cda00000, 0x00000005e2780000, 0x0000000719e00000)
  object space 341504K, 0% used [0x00000005cda00000,0x00000005cda00000,0x00000005e2780000)
 Metaspace       used 21031K, capacity 21192K, committed 21248K, reserved 1067008K
  class space    used 2993K, capacity 3030K, committed 3072K, reserved 1048576K
Event: 1.257 GC heap after
Heap after GC invocations=1 (full 0):
 PSYoungGen      total 149504K, used 5697K [0x0000000719e00000, 0x0000000724480000, 0x00000007c0000000)
  eden space 128512K, 0% used [0x0000000719e00000,0x0000000719e00000,0x0000000721b80000)
  from space 20992K, 27% used [0x0000000721b80000,0x0000000722110628,0x0000000723000000)
  to   space 20992K, 0% used [0x0000000723000000,0x0000000723000000,0x0000000724480000)
 ParOldGen       total 341504K, used 72K [0x00000005cda00000, 0x00000005e2780000, 0x0000000719e00000)
  object space 341504K, 0% used [0x00000005cda00000,0x00000005cda12010,0x00000005e2780000)
 Metaspace       used 21031K, capacity 21192K, committed 21248K, reserved 1067008K
  class space    used 2993K, capacity 3030K, committed 3072K, reserved 1048576K
}
Event: 1.257 GC heap before
{Heap before GC invocations=2 (full 1):
 PSYoungGen      total 149504K, used 5697K [0x0000000719e00000, 0x0000000724480000, 0x00000007c0000000)
  eden space 128512K, 0% used [0x0000000719e00000,0x0000000719e00000,0x0000000721b80000)
  from space 20992K, 27% used [0x0000000721b80000,0x0000000722110628,0x0000000723000000)
  to   space 20992K, 0% used [0x0000000723000000,0x0000000723000000,0x0000000724480000)
 ParOldGen       total 341504K, used 72K [0x00000005cda00000, 0x00000005e2780000, 0x0000000719e00000)
  object space 341504K, 0% used [0x00000005cda00000,0x00000005cda12010,0x00000005e2780000)
 Metaspace       used 21031K, capacity 21192K, committed 21248K, reserved 1067008K
  class space    used 2993K, capacity 3030K, committed 3072K, reserved 1048576K
Event: 1.267 GC heap after
Heap after GC invocations=2 (full 1):
 PSYoungGen      total 149504K, used 0K [0x0000000719e00000, 0x0000000724480000, 0x00000007c0000000)
  eden space 128512K, 0% used [0x0000000719e00000,0x0000000719e00000,0x0000000721b80000)
  from space 20992K, 0% used [0x0000000721b80000,0x0000000721b80000,0x0000000723000000)
  to   space 20992K, 0% used [0x0000000723000000,0x0000000723000000,0x0000000724480000)
 ParOldGen       total 134144K, used 5420K [0x00000005cda00000, 0x00000005d5d00000, 0x0000000719e00000)
  object space 134144K, 4% used [0x00000005cda00000,0x00000005cdf4b108,0x00000005d5d00000)
 Metaspace       used 21031K, capacity 21192K, committed 21248K, reserved 1067008K
  class space    used 2993K, capacity 3030K, committed 3072K, reserved 1048576K
}
Event: 1.915 GC heap before
{Heap before GC invocations=3 (full 1):
 PSYoungGen      total 149504K, used 128512K [0x0000000719e00000, 0x0000000724480000, 0x00000007c0000000)
  eden space 128512K, 100% used [0x0000000719e00000,0x0000000721b80000,0x0000000721b80000)
  from space 20992K, 0% used [0x0000000721b80000,0x0000000721b80000,0x0000000723000000)
  to   space 20992K, 0% used [0x0000000723000000,0x0000000723000000,0x0000000724480000)
 ParOldGen       total 134144K, used 5420K [0x00000005cda00000, 0x00000005d5d00000, 0x0000000719e00000)
  object space 134144K, 4% used [0x00000005cda00000,0x00000005cdf4b108,0x00000005d5d00000)
 Metaspace       used 24867K, capacity 25082K, committed 25344K, reserved 1071104K
  class space    used 3483K, capacity 3513K, committed 3584K, reserved 1048576K
Event: 1.919 GC heap after
Heap after GC invocations=3 (full 1):
 PSYoungGen      total 149504K, used 13691K [0x0000000719e00000, 0x0000000727380000, 0x00000007c0000000)
  eden space 128512K, 0% used [0x0000000719e00000,0x0000000719e00000,0x0000000721b80000)
  from space 20992K, 65% used [0x0000000723000000,0x0000000723d5edd8,0x0000000724480000)
  to   space 20992K, 0% used [0x0000000721b80000,0x0000000721b80000,0x0000000723000000)
 ParOldGen       total 134144K, used 5428K [0x00000005cda00000, 0x00000005d5d00000, 0x0000000719e00000)
  object space 134144K, 4% used [0x00000005cda00000,0x00000005cdf4d108,0x00000005d5d00000)
 Metaspace       used 24867K, capacity 25082K, committed 25344K, reserved 1071104K
  class space    used 3483K, capacity 3513K, committed 3584K, reserved 1048576K
}
Event: 2.120 GC heap before
{Heap before GC invocations=4 (full 1):
 PSYoungGen      total 149504K, used 142203K [0x0000000719e00000, 0x0000000727380000, 0x00000007c0000000)
  eden space 128512K, 100% used [0x0000000719e00000,0x0000000721b80000,0x0000000721b80000)
  from space 20992K, 65% used [0x0000000723000000,0x0000000723d5edd8,0x0000000724480000)
  to   space 20992K, 0% used [0x0000000721b80000,0x0000000721b80000,0x0000000723000000)
 ParOldGen       total 134144K, used 5428K [0x00000005cda00000, 0x00000005d5d00000, 0x0000000719e00000)
  object space 134144K, 4% used [0x00000005cda00000,0x00000005cdf4d108,0x00000005d5d00000)
 Metaspace       used 26819K, capacity 27082K, committed 27392K, reserved 1073152K
  class space    used 3709K, capacity 3777K, committed 3840K, reserved 1048576K
Event: 2.124 GC heap after
Heap after GC invocations=4 (full 1):
 PSYoungGen      total 149504K, used 20836K [0x0000000719e00000, 0x0000000728700000, 0x00000007c0000000)
  eden space 128512K, 0% used [0x0000000719e00000,0x0000000719e00000,0x0000000721b80000)
  from space 20992K, 99% used [0x0000000721b80000,0x0000000722fd9068,0x0000000723000000)
  to   space 20992K, 0% used [0x0000000727280000,0x0000000727280000,0x0000000728700000)
 ParOldGen       total 134144K, used 5436K [0x00000005cda00000, 0x00000005d5d00000, 0x0000000719e00000)
  object space 134144K, 4% used [0x00000005cda00000,0x00000005cdf4f108,0x00000005d5d00000)
 Metaspace       used 26819K, capacity 27082K, committed 27392K, reserved 1073152K
  class space    used 3709K, capacity 3777K, committed 3840K, reserved 1048576K
}
Event: 2.211 GC heap before
{Heap before GC invocations=5 (full 1):
 PSYoungGen      total 149504K, used 149348K [0x0000000719e00000, 0x0000000728700000, 0x00000007c0000000)
  eden space 128512K, 100% used [0x0000000719e00000,0x0000000721b80000,0x0000000721b80000)
  from space 20992K, 99% used [0x0000000721b80000,0x0000000722fd9068,0x0000000723000000)
  to   space 20992K, 0% used [0x0000000727280000,0x0000000727280000,0x0000000728700000)
 ParOldGen       total 134144K, used 5436K [0x00000005cda00000, 0x00000005d5d00000, 0x0000000719e00000)
  object space 134144K, 4% used [0x00000005cda00000,0x00000005cdf4f108,0x00000005d5d00000)
 Metaspace       used 26938K, capacity 27146K, committed 27392K, reserved 1073152K
  class space    used 3716K, capacity 3777K, committed 3840K, reserved 1048576K
Event: 2.217 GC heap after
Heap after GC invocations=5 (full 1):
 PSYoungGen      total 217600K, used 20960K [0x0000000719e00000, 0x000000072a300000, 0x00000007c0000000)
  eden space 196608K, 0% used [0x0000000719e00000,0x0000000719e00000,0x0000000725e00000)
  from space 20992K, 99% used [0x0000000727280000,0x00000007286f8040,0x0000000728700000)
  to   space 20992K, 0% used [0x0000000725e00000,0x0000000725e00000,0x0000000727280000)
 ParOldGen       total 134144K, used 14972K [0x00000005cda00000, 0x00000005d5d00000, 0x0000000719e00000)
  object space 134144K, 11% used [0x00000005cda00000,0x00000005ce89f108,0x00000005d5d00000)
 Metaspace       used 26938K, capacity 27146K, committed 27392K, reserved 1073152K
  class space    used 3716K, capacity 3777K, committed 3840K, reserved 1048576K
}

