# JRE version: Java(TM) SE Runtime Environment (8.0_181-b13) (build 1.8.0_181-b13)
# Java VM: Java HotSpot(TM) 64-Bit Server VM (25.181-b13 mixed mode windows-amd64 compressed oops)
Heap:
 PSYoungGen      total 229376K, used 198170K [0x0000000719e00000, 0x000000072a600000, 0x00000007c0000000)
  eden space 208384K, 85% used [0x0000000719e00000,0x0000000724b0e948,0x0000000726980000)
  from space 20992K, 99% used [0x0000000727e00000,0x0000000729278040,0x0000000729280000)
  to   space 20992K, 0% used [0x0000000726980000,0x0000000726980000,0x0000000727e00000)
 ParOldGen       total 134144K, used 14934K [0x00000005cda00000, 0x00000005d5d00000, 0x0000000719e00000)
  object space 134144K, 11% used [0x00000005cda00000,0x00000005ce895a60,0x00000005d5d00000)
 Metaspace       used 32554K, capacity 32819K, committed 33280K, reserved 1079296K
  class space    used 4197K, capacity 4268K, committed 4352K, reserved 1048576K
GC Heap History (10 events):
Event: 1.338 GC heap before
{Heap before GC invocations=1 (full 0):
 PSYoungGen      total 149504K, used 102848K [0x0000000719e00000, 0x0000000724480000, 0x00000007c0000000)
  eden space 128512K, 80% used [0x0000000719e00000,0x0000000720270368,0x0000000721b80000)
  from space 20992K, 0% used [0x0000000723000000,0x0000000723000000,0x0000000724480000)
  to   space 20992K, 0% used [0x0000000721b80000,0x0000000721b80000,0x0000000723000000)
 ParOldGen       total 341504K, used 0K [0x00000005cda00000, 0x00000005e2780000, 0x0000000719e00000)
  object space 341504K, 0% used [0x00000005cda00000,0x00000005cda00000,0x00000005e2780000)
 Metaspace       used 21030K, capacity 21192K, committed 21248K, reserved 1067008K
  class space    used 2989K, capacity 3030K, committed 3072K, reserved 1048576K
Event: 1.341 GC heap after
Heap after GC invocations=1 (full 0):
 PSYoungGen      total 149504K, used 5732K [0x0000000719e00000, 0x0000000724480000, 0x00000007c0000000)
  eden space 128512K, 0% used [0x0000000719e00000,0x0000000719e00000,0x0000000721b80000)
  from space 20992K, 27% used [0x0000000721b80000,0x00000007221191c8,0x0000000723000000)
  to   space 20992K, 0% used [0x0000000723000000,0x0000000723000000,0x0000000724480000)
 ParOldGen       total 341504K, used 72K [0x00000005cda00000, 0x00000005e2780000, 0x0000000719e00000)
  object space 341504K, 0% used [0x00000005cda00000,0x00000005cda12010,0x00000005e2780000)
 Metaspace       used 21030K, capacity 21192K, committed 21248K, reserved 1067008K
  class space    used 2989K, capacity 3030K, committed 3072K, reserved 1048576K
}
Event: 1.341 GC heap before
{Heap before GC invocations=2 (full 1):
 PSYoungGen      total 149504K, used 5732K [0x0000000719e00000, 0x0000000724480000, 0x00000007c0000000)
  eden space 128512K, 0% used [0x0000000719e00000,0x0000000719e00000,0x0000000721b80000)
  from space 20992K, 27% used [0x0000000721b80000,0x00000007221191c8,0x0000000723000000)
  to   space 20992K, 0% used [0x0000000723000000,0x0000000723000000,0x0000000724480000)
 ParOldGen       total 341504K, used 72K [0x00000005cda00000, 0x00000005e2780000, 0x0000000719e00000)
  object space 341504K, 0% used [0x00000005cda00000,0x00000005cda12010,0x00000005e2780000)
 Metaspace       used 21030K, capacity 21192K, committed 21248K, reserved 1067008K
  class space    used 2989K, capacity 3030K, committed 3072K, reserved 1048576K
Event: 1.351 GC heap after
Heap after GC invocations=2 (full 1):
 PSYoungGen      total 149504K, used 0K [0x0000000719e00000, 0x0000000724480000, 0x00000007c0000000)
  eden space 128512K, 0% used [0x0000000719e00000,0x0000000719e00000,0x0000000721b80000)
  from space 20992K, 0% used [0x0000000721b80000,0x0000000721b80000,0x0000000723000000)
  to   space 20992K, 0% used [0x0000000723000000,0x0000000723000000,0x0000000724480000)
 ParOldGen       total 134144K, used 5422K [0x00000005cda00000, 0x00000005d5d00000, 0x0000000719e00000)
  object space 134144K, 4% used [0x00000005cda00000,0x00000005cdf4ba60,0x00000005d5d00000)
 Metaspace       used 21030K, capacity 21192K, committed 21248K, reserved 1067008K
  class space    used 2989K, capacity 3030K, committed 3072K, reserved 1048576K
}
Event: 2.044 GC heap before
{Heap before GC invocations=3 (full 1):
 PSYoungGen      total 149504K, used 128512K [0x0000000719e00000, 0x0000000724480000, 0x00000007c0000000)
  eden space 128512K, 100% used [0x0000000719e00000,0x0000000721b80000,0x0000000721b80000)
  from space 20992K, 0% used [0x0000000721b80000,0x0000000721b80000,0x0000000723000000)
  to   space 20992K, 0% used [0x0000000723000000,0x0000000723000000,0x0000000724480000)
 ParOldGen       total 134144K, used 5422K [0x00000005cda00000, 0x00000005d5d00000, 0x0000000719e00000)
  object space 134144K, 4% used [0x00000005cda00000,0x00000005cdf4ba60,0x00000005d5d00000)
 Metaspace       used 24813K, capacity 25018K, committed 25344K, reserved 1071104K
  class space    used 3478K, capacity 3513K, committed 3584K, reserved 1048576K
Event: 2.050 GC heap after
Heap after GC invocations=3 (full 1):
 PSYoungGen      total 149504K, used 13591K [0x0000000719e00000, 0x0000000727780000, 0x00000007c0000000)
  eden space 128512K, 0% used [0x0000000719e00000,0x0000000719e00000,0x0000000721b80000)
  from space 20992K, 64% used [0x0000000723000000,0x0000000723d45ee8,0x0000000724480000)
  to   space 20992K, 0% used [0x0000000721b80000,0x0000000721b80000,0x0000000723000000)
 ParOldGen       total 134144K, used 5430K [0x00000005cda00000, 0x00000005d5d00000, 0x0000000719e00000)
  object space 134144K, 4% used [0x00000005cda00000,0x00000005cdf4da60,0x00000005d5d00000)
 Metaspace       used 24813K, capacity 25018K, committed 25344K, reserved 1071104K
  class space    used 3478K, capacity 3513K, committed 3584K, reserved 1048576K
}
Event: 2.254 GC heap before
{Heap before GC invocations=4 (full 1):
 PSYoungGen      total 149504K, used 142103K [0x0000000719e00000, 0x0000000727780000, 0x00000007c0000000)
  eden space 128512K, 100% used [0x0000000719e00000,0x0000000721b80000,0x0000000721b80000)
  from space 20992K, 64% used [0x0000000723000000,0x0000000723d45ee8,0x0000000724480000)
  to   space 20992K, 0% used [0x0000000721b80000,0x0000000721b80000,0x0000000723000000)
 ParOldGen       total 134144K, used 5430K [0x00000005cda00000, 0x00000005d5d00000, 0x0000000719e00000)
  object space 134144K, 4% used [0x00000005cda00000,0x00000005cdf4da60,0x00000005d5d00000)
 Metaspace       used 26763K, capacity 27018K, committed 27392K, reserved 1073152K
  class space    used 3704K, capacity 3777K, committed 3840K, reserved 1048576K
Event: 2.259 GC heap after
Heap after GC invocations=4 (full 1):
 PSYoungGen      total 149504K, used 20949K [0x0000000719e00000, 0x0000000729280000, 0x00000007c0000000)
  eden space 128512K, 0% used [0x0000000719e00000,0x0000000719e00000,0x0000000721b80000)
  from space 20992K, 99% used [0x0000000721b80000,0x0000000722ff5440,0x0000000723000000)
  to   space 20992K, 0% used [0x0000000727e00000,0x0000000727e00000,0x0000000729280000)
 ParOldGen       total 134144K, used 5438K [0x00000005cda00000, 0x00000005d5d00000, 0x0000000719e00000)
  object space 134144K, 4% used [0x00000005cda00000,0x00000005cdf4fa60,0x00000005d5d00000)
 Metaspace       used 26763K, capacity 27018K, committed 27392K, reserved 1073152K
  class space    used 3704K, capacity 3777K, committed 3840K, reserved 1048576K
}
Event: 2.360 GC heap before
{Heap before GC invocations=5 (full 1):
 PSYoungGen      total 149504K, used 149461K [0x0000000719e00000, 0x0000000729280000, 0x00000007c0000000)
  eden space 128512K, 100% used [0x0000000719e00000,0x0000000721b80000,0x0000000721b80000)
  from space 20992K, 99% used [0x0000000721b80000,0x0000000722ff5440,0x0000000723000000)
  to   space 20992K, 0% used [0x0000000727e00000,0x0000000727e00000,0x0000000729280000)
 ParOldGen       total 134144K, used 5438K [0x00000005cda00000, 0x00000005d5d00000, 0x0000000719e00000)
  object space 134144K, 4% used [0x00000005cda00000,0x00000005cdf4fa60,0x00000005d5d00000)
 Metaspace       used 26886K, capacity 27146K, committed 27392K, reserved 1073152K
  class space    used 3711K, capacity 3777K, committed 3840K, reserved 1048576K
Event: 2.367 GC heap after
Heap after GC invocations=5 (full 1):
 PSYoungGen      total 229376K, used 20960K [0x0000000719e00000, 0x000000072a600000, 0x00000007c0000000)
  eden space 208384K, 0% used [0x0000000719e00000,0x0000000719e00000,0x0000000726980000)
  from space 20992K, 99% used [0x0000000727e00000,0x0000000729278040,0x0000000729280000)
  to   space 20992K, 0% used [0x0000000726980000,0x0000000726980000,0x0000000727e00000)
 ParOldGen       total 134144K, used 14934K [0x00000005cda00000, 0x00000005d5d00000, 0x0000000719e00000)
  object space 134144K, 11% used [0x00000005cda00000,0x00000005ce895a60,0x00000005d5d00000)
 Metaspace       used 26886K, capacity 27146K, committed 27392K, reserved 1073152K
  class space    used 3711K, capacity 3777K, committed 3840K, reserved 1048576K
}

