# JRE version: Java(TM) SE Runtime Environment (8.0_181-b13) (build 1.8.0_181-b13)
# Java VM: Java HotSpot(TM) 64-Bit Server VM (25.181-b13 mixed mode windows-amd64 compressed oops)
Heap:
 PSYoungGen      total 223232K, used 200442K [0x0000000719e00000, 0x000000072a680000, 0x00000007c0000000)
  eden space 202240K, 88% used [0x0000000719e00000,0x0000000724d46ab8,0x0000000726380000)
  from space 20992K, 99% used [0x0000000727800000,0x0000000728c78040,0x0000000728c80000)
  to   space 20992K, 0% used [0x0000000726380000,0x0000000726380000,0x0000000727800000)
 ParOldGen       total 229888K, used 14750K [0x00000005cda00000, 0x00000005dba80000, 0x0000000719e00000)
  object space 229888K, 6% used [0x00000005cda00000,0x00000005ce867928,0x00000005dba80000)
 Metaspace       used 31249K, capacity 31467K, committed 31664K, reserved 1077248K
  class space    used 4106K, capacity 4202K, committed 4272K, reserved 1048576K
GC Heap History (10 events):
Event: 1.315 GC heap before
{Heap before GC invocations=1 (full 0):
 PSYoungGen      total 149504K, used 105501K [0x0000000719e00000, 0x0000000724480000, 0x00000007c0000000)
  eden space 128512K, 82% used [0x0000000719e00000,0x0000000720507648,0x0000000721b80000)
  from space 20992K, 0% used [0x0000000723000000,0x0000000723000000,0x0000000724480000)
  to   space 20992K, 0% used [0x0000000721b80000,0x0000000721b80000,0x0000000723000000)
 ParOldGen       total 341504K, used 0K [0x00000005cda00000, 0x00000005e2780000, 0x0000000719e00000)
  object space 341504K, 0% used [0x00000005cda00000,0x00000005cda00000,0x00000005e2780000)
 Metaspace       used 21088K, capacity 21256K, committed 21296K, reserved 1067008K
  class space    used 3046K, capacity 3094K, committed 3120K, reserved 1048576K
Event: 1.318 GC heap after
Heap after GC invocations=1 (full 0):
 PSYoungGen      total 149504K, used 5788K [0x0000000719e00000, 0x0000000724480000, 0x00000007c0000000)
  eden space 128512K, 0% used [0x0000000719e00000,0x0000000719e00000,0x0000000721b80000)
  from space 20992K, 27% used [0x0000000721b80000,0x0000000722127238,0x0000000723000000)
  to   space 20992K, 0% used [0x0000000723000000,0x0000000723000000,0x0000000724480000)
 ParOldGen       total 341504K, used 72K [0x00000005cda00000, 0x00000005e2780000, 0x0000000719e00000)
  object space 341504K, 0% used [0x00000005cda00000,0x00000005cda12010,0x00000005e2780000)
 Metaspace       used 21088K, capacity 21256K, committed 21296K, reserved 1067008K
  class space    used 3046K, capacity 3094K, committed 3120K, reserved 1048576K
}
Event: 1.318 GC heap before
{Heap before GC invocations=2 (full 1):
 PSYoungGen      total 149504K, used 5788K [0x0000000719e00000, 0x0000000724480000, 0x00000007c0000000)
  eden space 128512K, 0% used [0x0000000719e00000,0x0000000719e00000,0x0000000721b80000)
  from space 20992K, 27% used [0x0000000721b80000,0x0000000722127238,0x0000000723000000)
  to   space 20992K, 0% used [0x0000000723000000,0x0000000723000000,0x0000000724480000)
 ParOldGen       total 341504K, used 72K [0x00000005cda00000, 0x00000005e2780000, 0x0000000719e00000)
  object space 341504K, 0% used [0x00000005cda00000,0x00000005cda12010,0x00000005e2780000)
 Metaspace       used 21088K, capacity 21256K, committed 21296K, reserved 1067008K
  class space    used 3046K, capacity 3094K, committed 3120K, reserved 1048576K
Event: 1.329 GC heap after
Heap after GC invocations=2 (full 1):
 PSYoungGen      total 149504K, used 0K [0x0000000719e00000, 0x0000000724480000, 0x00000007c0000000)
  eden space 128512K, 0% used [0x0000000719e00000,0x0000000719e00000,0x0000000721b80000)
  from space 20992K, 0% used [0x0000000721b80000,0x0000000721b80000,0x0000000723000000)
  to   space 20992K, 0% used [0x0000000723000000,0x0000000723000000,0x0000000724480000)
 ParOldGen       total 229888K, used 5502K [0x00000005cda00000, 0x00000005dba80000, 0x0000000719e00000)
  object space 229888K, 2% used [0x00000005cda00000,0x00000005cdf5f928,0x00000005dba80000)
 Metaspace       used 21088K, capacity 21256K, committed 21296K, reserved 1067008K
  class space    used 3046K, capacity 3094K, committed 3120K, reserved 1048576K
}
Event: 1.963 GC heap before
{Heap before GC invocations=3 (full 1):
 PSYoungGen      total 149504K, used 128512K [0x0000000719e00000, 0x0000000724480000, 0x00000007c0000000)
  eden space 128512K, 100% used [0x0000000719e00000,0x0000000721b80000,0x0000000721b80000)
  from space 20992K, 0% used [0x0000000721b80000,0x0000000721b80000,0x0000000723000000)
  to   space 20992K, 0% used [0x0000000723000000,0x0000000723000000,0x0000000724480000)
 ParOldGen       total 229888K, used 5502K [0x00000005cda00000, 0x00000005dba80000, 0x0000000719e00000)
  object space 229888K, 2% used [0x00000005cda00000,0x00000005cdf5f928,0x00000005dba80000)
 Metaspace       used 24533K, capacity 24666K, committed 24752K, reserved 1071104K
  class space    used 3475K, capacity 3481K, committed 3504K, reserved 1048576K
Event: 1.970 GC heap after
Heap after GC invocations=3 (full 1):
 PSYoungGen      total 149504K, used 13519K [0x0000000719e00000, 0x0000000727e00000, 0x00000007c0000000)
  eden space 128512K, 0% used [0x0000000719e00000,0x0000000719e00000,0x0000000721b80000)
  from space 20992K, 64% used [0x0000000723000000,0x0000000723d33de8,0x0000000724480000)
  to   space 20992K, 0% used [0x0000000721b80000,0x0000000721b80000,0x0000000723000000)
 ParOldGen       total 229888K, used 5510K [0x00000005cda00000, 0x00000005dba80000, 0x0000000719e00000)
  object space 229888K, 2% used [0x00000005cda00000,0x00000005cdf61928,0x00000005dba80000)
 Metaspace       used 24533K, capacity 24666K, committed 24752K, reserved 1071104K
  class space    used 3475K, capacity 3481K, committed 3504K, reserved 1048576K
}
Event: 2.162 GC heap before
{Heap before GC invocations=4 (full 1):
 PSYoungGen      total 149504K, used 142031K [0x0000000719e00000, 0x0000000727e00000, 0x00000007c0000000)
  eden space 128512K, 100% used [0x0000000719e00000,0x0000000721b80000,0x0000000721b80000)
  from space 20992K, 64% used [0x0000000723000000,0x0000000723d33de8,0x0000000724480000)
  to   space 20992K, 0% used [0x0000000721b80000,0x0000000721b80000,0x0000000723000000)
 ParOldGen       total 229888K, used 5510K [0x00000005cda00000, 0x00000005dba80000, 0x0000000719e00000)
  object space 229888K, 2% used [0x00000005cda00000,0x00000005cdf61928,0x00000005dba80000)
 Metaspace       used 26484K, capacity 26762K, committed 27184K, reserved 1073152K
  class space    used 3701K, capacity 3777K, committed 3888K, reserved 1048576K
Event: 2.166 GC heap after
Heap after GC invocations=4 (full 1):
 PSYoungGen      total 149504K, used 20884K [0x0000000719e00000, 0x0000000728c80000, 0x00000007c0000000)
  eden space 128512K, 0% used [0x0000000719e00000,0x0000000719e00000,0x0000000721b80000)
  from space 20992K, 99% used [0x0000000721b80000,0x0000000722fe5058,0x0000000723000000)
  to   space 20992K, 0% used [0x0000000727800000,0x0000000727800000,0x0000000728c80000)
 ParOldGen       total 229888K, used 5518K [0x00000005cda00000, 0x00000005dba80000, 0x0000000719e00000)
  object space 229888K, 2% used [0x00000005cda00000,0x00000005cdf63928,0x00000005dba80000)
 Metaspace       used 26484K, capacity 26762K, committed 27184K, reserved 1073152K
  class space    used 3701K, capacity 3777K, committed 3888K, reserved 1048576K
}
Event: 2.245 GC heap before
{Heap before GC invocations=5 (full 1):
 PSYoungGen      total 149504K, used 149396K [0x0000000719e00000, 0x0000000728c80000, 0x00000007c0000000)
  eden space 128512K, 100% used [0x0000000719e00000,0x0000000721b80000,0x0000000721b80000)
  from space 20992K, 99% used [0x0000000721b80000,0x0000000722fe5058,0x0000000723000000)
  to   space 20992K, 0% used [0x0000000727800000,0x0000000727800000,0x0000000728c80000)
 ParOldGen       total 229888K, used 5518K [0x00000005cda00000, 0x00000005dba80000, 0x0000000719e00000)
  object space 229888K, 2% used [0x00000005cda00000,0x00000005cdf63928,0x00000005dba80000)
 Metaspace       used 26603K, capacity 26826K, committed 27184K, reserved 1073152K
  class space    used 3708K, capacity 3777K, committed 3888K, reserved 1048576K
Event: 2.252 GC heap after
Heap after GC invocations=5 (full 1):
 PSYoungGen      total 223232K, used 20960K [0x0000000719e00000, 0x000000072a680000, 0x00000007c0000000)
  eden space 202240K, 0% used [0x0000000719e00000,0x0000000719e00000,0x0000000726380000)
  from space 20992K, 99% used [0x0000000727800000,0x0000000728c78040,0x0000000728c80000)
  to   space 20992K, 0% used [0x0000000726380000,0x0000000726380000,0x0000000727800000)
 ParOldGen       total 229888K, used 14750K [0x00000005cda00000, 0x00000005dba80000, 0x0000000719e00000)
  object space 229888K, 6% used [0x00000005cda00000,0x00000005ce867928,0x00000005dba80000)
 Metaspace       used 26603K, capacity 26826K, committed 27184K, reserved 1073152K
  class space    used 3708K, capacity 3777K, committed 3888K, reserved 1048576K
}

