# JRE version: Java(TM) SE Runtime Environment (8.0_181-b13) (build 1.8.0_181-b13)
# Java VM: Java HotSpot(TM) 64-Bit Server VM (25.181-b13 mixed mode windows-amd64 compressed oops)
Heap:
 PSYoungGen      total 223744K, used 176878K [0x0000000719e00000, 0x000000072a980000, 0x00000007c0000000)
  eden space 202752K, 76% used [0x0000000719e00000,0x00000007236439c0,0x0000000726400000)
  from space 20992K, 99% used [0x0000000727880000,0x0000000728cf8040,0x0000000728d00000)
  to   space 20992K, 0% used [0x0000000726400000,0x0000000726400000,0x0000000727880000)
 ParOldGen       total 134144K, used 15260K [0x00000005cda00000, 0x00000005d5d00000, 0x0000000719e00000)
  object space 134144K, 11% used [0x00000005cda00000,0x00000005ce8e7068,0x00000005d5d00000)
 Metaspace       used 32424K, capacity 32691K, committed 33024K, reserved 1077248K
  class space    used 4189K, capacity 4268K, committed 4352K, reserved 1048576K
GC Heap History (10 events):
Event: 1.289 GC heap before
{Heap before GC invocations=1 (full 0):
 PSYoungGen      total 149504K, used 102857K [0x0000000719e00000, 0x0000000724480000, 0x00000007c0000000)
  eden space 128512K, 80% used [0x0000000719e00000,0x00000007202725e0,0x0000000721b80000)
  from space 20992K, 0% used [0x0000000723000000,0x0000000723000000,0x0000000724480000)
  to   space 20992K, 0% used [0x0000000721b80000,0x0000000721b80000,0x0000000723000000)
 ParOldGen       total 341504K, used 0K [0x00000005cda00000, 0x00000005e2780000, 0x0000000719e00000)
  object space 341504K, 0% used [0x00000005cda00000,0x00000005cda00000,0x00000005e2780000)
 Metaspace       used 21036K, capacity 21192K, committed 21248K, reserved 1067008K
  class space    used 2996K, capacity 3030K, committed 3072K, reserved 1048576K
Event: 1.292 GC heap after
Heap after GC invocations=1 (full 0):
 PSYoungGen      total 149504K, used 5684K [0x0000000719e00000, 0x0000000724480000, 0x00000007c0000000)
  eden space 128512K, 0% used [0x0000000719e00000,0x0000000719e00000,0x0000000721b80000)
  from space 20992K, 27% used [0x0000000721b80000,0x000000072210d1b8,0x0000000723000000)
  to   space 20992K, 0% used [0x0000000723000000,0x0000000723000000,0x0000000724480000)
 ParOldGen       total 341504K, used 72K [0x00000005cda00000, 0x00000005e2780000, 0x0000000719e00000)
  object space 341504K, 0% used [0x00000005cda00000,0x00000005cda12010,0x00000005e2780000)
 Metaspace       used 21036K, capacity 21192K, committed 21248K, reserved 1067008K
  class space    used 2996K, capacity 3030K, committed 3072K, reserved 1048576K
}
Event: 1.292 GC heap before
{Heap before GC invocations=2 (full 1):
 PSYoungGen      total 149504K, used 5684K [0x0000000719e00000, 0x0000000724480000, 0x00000007c0000000)
  eden space 128512K, 0% used [0x0000000719e00000,0x0000000719e00000,0x0000000721b80000)
  from space 20992K, 27% used [0x0000000721b80000,0x000000072210d1b8,0x0000000723000000)
  to   space 20992K, 0% used [0x0000000723000000,0x0000000723000000,0x0000000724480000)
 ParOldGen       total 341504K, used 72K [0x00000005cda00000, 0x00000005e2780000, 0x0000000719e00000)
  object space 341504K, 0% used [0x00000005cda00000,0x00000005cda12010,0x00000005e2780000)
 Metaspace       used 21036K, capacity 21192K, committed 21248K, reserved 1067008K
  class space    used 2996K, capacity 3030K, committed 3072K, reserved 1048576K
Event: 1.300 GC heap after
Heap after GC invocations=2 (full 1):
 PSYoungGen      total 149504K, used 0K [0x0000000719e00000, 0x0000000724480000, 0x00000007c0000000)
  eden space 128512K, 0% used [0x0000000719e00000,0x0000000719e00000,0x0000000721b80000)
  from space 20992K, 0% used [0x0000000721b80000,0x0000000721b80000,0x0000000723000000)
  to   space 20992K, 0% used [0x0000000723000000,0x0000000723000000,0x0000000724480000)
 ParOldGen       total 134144K, used 5426K [0x00000005cda00000, 0x00000005d5d00000, 0x0000000719e00000)
  object space 134144K, 4% used [0x00000005cda00000,0x00000005cdf4caf0,0x00000005d5d00000)
 Metaspace       used 21036K, capacity 21192K, committed 21248K, reserved 1067008K
  class space    used 2996K, capacity 3030K, committed 3072K, reserved 1048576K
}
Event: 1.929 GC heap before
{Heap before GC invocations=3 (full 1):
 PSYoungGen      total 149504K, used 128512K [0x0000000719e00000, 0x0000000724480000, 0x00000007c0000000)
  eden space 128512K, 100% used [0x0000000719e00000,0x0000000721b80000,0x0000000721b80000)
  from space 20992K, 0% used [0x0000000721b80000,0x0000000721b80000,0x0000000723000000)
  to   space 20992K, 0% used [0x0000000723000000,0x0000000723000000,0x0000000724480000)
 ParOldGen       total 134144K, used 5426K [0x00000005cda00000, 0x00000005d5d00000, 0x0000000719e00000)
  object space 134144K, 4% used [0x00000005cda00000,0x00000005cdf4cb38,0x00000005d5d00000)
 Metaspace       used 24786K, capacity 24954K, committed 25088K, reserved 1071104K
  class space    used 3477K, capacity 3513K, committed 3584K, reserved 1048576K
Event: 1.934 GC heap after
Heap after GC invocations=3 (full 1):
 PSYoungGen      total 149504K, used 13671K [0x0000000719e00000, 0x0000000727a80000, 0x00000007c0000000)
  eden space 128512K, 0% used [0x0000000719e00000,0x0000000719e00000,0x0000000721b80000)
  from space 20992K, 65% used [0x0000000723000000,0x0000000723d59fd8,0x0000000724480000)
  to   space 20992K, 0% used [0x0000000721b80000,0x0000000721b80000,0x0000000723000000)
 ParOldGen       total 134144K, used 5434K [0x00000005cda00000, 0x00000005d5d00000, 0x0000000719e00000)
  object space 134144K, 4% used [0x00000005cda00000,0x00000005cdf4eb38,0x00000005d5d00000)
 Metaspace       used 24786K, capacity 24954K, committed 25088K, reserved 1071104K
  class space    used 3477K, capacity 3513K, committed 3584K, reserved 1048576K
}
Event: 2.133 GC heap before
{Heap before GC invocations=4 (full 1):
 PSYoungGen      total 149504K, used 142183K [0x0000000719e00000, 0x0000000727a80000, 0x00000007c0000000)
  eden space 128512K, 100% used [0x0000000719e00000,0x0000000721b80000,0x0000000721b80000)
  from space 20992K, 65% used [0x0000000723000000,0x0000000723d59fd8,0x0000000724480000)
  to   space 20992K, 0% used [0x0000000721b80000,0x0000000721b80000,0x0000000723000000)
 ParOldGen       total 134144K, used 5437K [0x00000005cda00000, 0x00000005d5d00000, 0x0000000719e00000)
  object space 134144K, 4% used [0x00000005cda00000,0x00000005cdf4f498,0x00000005d5d00000)
 Metaspace       used 26737K, capacity 26954K, committed 27136K, reserved 1073152K
  class space    used 3703K, capacity 3777K, committed 3840K, reserved 1048576K
Event: 2.136 GC heap after
Heap after GC invocations=4 (full 1):
 PSYoungGen      total 149504K, used 20976K [0x0000000719e00000, 0x0000000728d00000, 0x00000007c0000000)
  eden space 128512K, 0% used [0x0000000719e00000,0x0000000719e00000,0x0000000721b80000)
  from space 20992K, 99% used [0x0000000721b80000,0x0000000722ffc050,0x0000000723000000)
  to   space 20992K, 0% used [0x0000000727880000,0x0000000727880000,0x0000000728d00000)
 ParOldGen       total 134144K, used 5530K [0x00000005cda00000, 0x00000005d5d00000, 0x0000000719e00000)
  object space 134144K, 4% used [0x00000005cda00000,0x00000005cdf66888,0x00000005d5d00000)
 Metaspace       used 26737K, capacity 26954K, committed 27136K, reserved 1073152K
  class space    used 3703K, capacity 3777K, committed 3840K, reserved 1048576K
}
Event: 2.222 GC heap before
{Heap before GC invocations=5 (full 1):
 PSYoungGen      total 149504K, used 149488K [0x0000000719e00000, 0x0000000728d00000, 0x00000007c0000000)
  eden space 128512K, 100% used [0x0000000719e00000,0x0000000721b80000,0x0000000721b80000)
  from space 20992K, 99% used [0x0000000721b80000,0x0000000722ffc050,0x0000000723000000)
  to   space 20992K, 0% used [0x0000000727880000,0x0000000727880000,0x0000000728d00000)
 ParOldGen       total 134144K, used 5532K [0x00000005cda00000, 0x00000005d5d00000, 0x0000000719e00000)
  object space 134144K, 4% used [0x00000005cda00000,0x00000005cdf67068,0x00000005d5d00000)
 Metaspace       used 26866K, capacity 27082K, committed 27392K, reserved 1073152K
  class space    used 3711K, capacity 3777K, committed 3840K, reserved 1048576K
Event: 2.229 GC heap after
Heap after GC invocations=5 (full 1):
 PSYoungGen      total 223744K, used 20960K [0x0000000719e00000, 0x000000072a980000, 0x00000007c0000000)
  eden space 202752K, 0% used [0x0000000719e00000,0x0000000719e00000,0x0000000726400000)
  from space 20992K, 99% used [0x0000000727880000,0x0000000728cf8040,0x0000000728d00000)
  to   space 20992K, 0% used [0x0000000726400000,0x0000000726400000,0x0000000727880000)
 ParOldGen       total 134144K, used 15260K [0x00000005cda00000, 0x00000005d5d00000, 0x0000000719e00000)
  object space 134144K, 11% used [0x00000005cda00000,0x00000005ce8e7068,0x00000005d5d00000)
 Metaspace       used 26866K, capacity 27082K, committed 27392K, reserved 1073152K
  class space    used 3711K, capacity 3777K, committed 3840K, reserved 1048576K
}

